app/build/intermediates/manifest_merge_blame_file/debug/manifest-merger-blame-debug-report.txt
1<?xml version="1.0" encoding="utf-8"?>
2<manifest xmlns:android="http://schemas.android.com/apk/res/android"
3    package="de.kai_morich.simple_usb_terminal"
4    android:versionCode="1"
5    android:versionName="1.0" >
6
7    <uses-sdk
8        android:minSdkVersion="18"
8-->src/main/AndroidManifest.xml
9        android:targetSdkVersion="30" />
9-->src/main/AndroidManifest.xml
10
11    <uses-permission android:name="android.permission.FOREGROUND_SERVICE" />
11-->src/main/AndroidManifest.xml:6:5-77
11-->src/main/AndroidManifest.xml:6:22-74
12
13    <!-- mipmap/ic_launcher created with Android Studio -> New -> Image Asset using @color/colorPrimaryDark as background color -->
14    <application
14-->src/main/AndroidManifest.xml:9:5-35:19
15        android:appComponentFactory="androidx.core.app.CoreComponentFactory"
15-->[androidx.core:core:1.5.0] AndroidManifest.xml:24:18-86
16        android:debuggable="true"
17        android:icon="@mipmap/ic_launcher"
17-->src/main/AndroidManifest.xml:10:9-43
18        android:label="@string/app_name"
18-->src/main/AndroidManifest.xml:11:9-41
19        android:theme="@style/AppTheme" >
19-->src/main/AndroidManifest.xml:12:9-40
20
21        <!--
22                 for this simple app launchMode=singleTask and singleTop have same effect.
23                 If you would start another activity in the app, e.g. Android Settings
24                 then you should use singleTask, else a new MainActivity would be started
25                 when the settings activity is currently shown
26        -->
27        <activity
27-->src/main/AndroidManifest.xml:18:9-33:20
28            android:name="de.kai_morich.simple_usb_terminal.MainActivity"
28-->src/main/AndroidManifest.xml:19:13-41
29            android:label="@string/app_name"
29-->src/main/AndroidManifest.xml:20:13-45
30            android:launchMode="singleTask"
30-->src/main/AndroidManifest.xml:21:13-44
31            android:windowSoftInputMode="stateHidden|adjustResize" >
31-->src/main/AndroidManifest.xml:22:13-67
32            <intent-filter>
32-->src/main/AndroidManifest.xml:23:13-26:29
33                <action android:name="android.intent.action.MAIN" />
33-->src/main/AndroidManifest.xml:24:17-69
33-->src/main/AndroidManifest.xml:24:25-66
34
35                <category android:name="android.intent.category.LAUNCHER" />
35-->src/main/AndroidManifest.xml:25:17-77
35-->src/main/AndroidManifest.xml:25:27-74
36            </intent-filter>
37            <intent-filter>
37-->src/main/AndroidManifest.xml:27:13-29:29
38                <action android:name="android.hardware.usb.action.USB_DEVICE_ATTACHED" />
38-->src/main/AndroidManifest.xml:28:17-90
38-->src/main/AndroidManifest.xml:28:25-87
39            </intent-filter>
40
41            <meta-data
41-->src/main/AndroidManifest.xml:30:13-32:61
42                android:name="android.hardware.usb.action.USB_DEVICE_ATTACHED"
42-->src/main/AndroidManifest.xml:31:17-79
43                android:resource="@xml/usb_device_filter" />
43-->src/main/AndroidManifest.xml:32:17-58
44        </activity>
45
46        <service android:name="de.kai_morich.simple_usb_terminal.SerialService" />
46-->src/main/AndroidManifest.xml:34:9-50
46-->src/main/AndroidManifest.xml:34:18-47
47    </application>
48
49</manifest>